[?25l[?2004h       ⠀⠀⠀⠀⠀⠀⠀⠀⠀⢀⠀⠀⠀⠀⠀⢀⡄⠀⠀⠀⠀⠀⠀⠀⠀⠀       
       ⠀⠀⠀⢠⡄⠀⠀⠀⠀⣇⠀⠀⠀⠀⠀⡸⢐⠀⠀⠀⠀⠀⠀⠀⠀⠀       
       ⠀⠀⠀⢿⡙⠶⢄⣀⠀⢫⠒⢤⣀⠀⠀⢸⠰⠀⠀⣀⡤⣤⠤⠀⠀⠀       
       ⠀⠀⠀⠀⠉⢒⠦⠄⠈⠉⠁⠠⠀⠉⠉⠙⠃⠚⠉⣠⠎⠀⠀⠀⠀⠀       
       ⢀⣄⣠⡐⣈⡀⡄⠀⠀⢠⠀⢀⣴⣠⠀⠀⠀⠀⠀⠻⣀⠀⠀⠀⠀⠀       
       ⠀⠀⢨⠟⢁⢔⡁⢀⠔⠀⠐⣡⣯⠃⢠⠀⡆⢤⠀⡀⢰⡯⡒⠠⠤⠀       
       ⢀⣴⡵⣾⢗⣥⣶⣿⣷⣮⡼⢣⠃⢠⣧⣤⣯⣘⠀⢣⠀⣣⡏⠉⠚⠉       
       ⠟⠁⣸⣣⡃⢿⣿⣿⣿⣿⠷⠾⢶⣿⣿⣿⣿⣿⡆⣿⡀⢿⣸⡀⠀⠀       
       ⠀⢰⠋⠀⠀⠀⠉⠙⠉⠁⢀⣀⡀⠙⠛⠛⠛⠛⠑⡿⣯⣽⠋⣳⡆⠀       
       ⠀⠈⠳⢦⣄⡀⠀⠀⠘⣄⣀⣀⠼⠃⠀⠀⢀⠀⠠⠴⠿⠛⠋⠁⠀⠀       
       ⠀⠀⠀⠀⠀⠉⠉⠓⠒⠒⠤⠤⠤⠤⠔⠚⠁⠀⠀⠀⠀⠀⠀⠀⠀⠀       
                                        
                                        
En trois jours, la neige d'usine        
dessécha les premières fleurs de        
Montfleur, fit plier les branches des   
                                        
                                        
           0 wpm  │  0.0% acc           
                                        
          ────────────────────          
                                        
                                        
      esc quit  •  ctrl+p commands      
                                        
                                        
                  0/372                 
                                        
                                        
                                        [D[29A

























                  1/372                 


[D[29A

























                  2/372                 


[D[29A

























                  3/372                 


[D[29A

























                  4/372                 


[D[29A

























                  5/372                 


[D[29A

























                  6/372                 


[D[29A

























                  7/372                 


[D[29A

























                  8/372                 


[D[29AClosing Couik...
[J[D[2K[?2004l[?25h[?1002l[?1003l[?1006l